<?xml version="1.0" encoding="UTF-8"?>
<robot generator="Robot 4.1.2 (Python 3.10.0 on win32)" generated="20211020 23:01:02.155" rpa="false" schemaversion="2">
<suite id="s1" name="Webautomation" source="C:\Users\Elielson\Desktop\curso-prime\tests\webautomation.robot">
<test id="s1-t1" name="Caso de Teste 01: Pesquisar produto">
<kw name="Abrir navegador" library="kws_webautomation" type="SETUP">
<kw name="Open Browser" library="SeleniumLibrary">
<arg>browser=${BROWSER}</arg>
<doc>Opens a new browser instance to the optional ``url``.</doc>
<msg timestamp="20211020 23:01:02.682" level="INFO">Opening browser 'chrome' to base url 'None'.</msg>
<status status="PASS" starttime="20211020 23:01:02.681" endtime="20211020 23:01:05.029"/>
</kw>
<kw name="Maximize Browser Window" library="SeleniumLibrary">
<doc>Maximizes current browser window.</doc>
<status status="PASS" starttime="20211020 23:01:05.030" endtime="20211020 23:01:05.153"/>
</kw>
<status status="PASS" starttime="20211020 23:01:02.680" endtime="20211020 23:01:05.153"/>
</kw>
<kw name="Acessar a página home do site Automation Practice" library="kws_webautomation">
<kw name="Go To" library="SeleniumLibrary">
<arg>${URL}</arg>
<doc>Navigates the current browser window to the provided ``url``.</doc>
<msg timestamp="20211020 23:01:05.156" level="INFO">Opening url 'http://automationpractice.com/index.php'</msg>
<status status="PASS" starttime="20211020 23:01:05.156" endtime="20211020 23:01:11.614"/>
</kw>
<status status="PASS" starttime="20211020 23:01:05.154" endtime="20211020 23:01:11.614"/>
</kw>
<kw name="Digitar o nome do produto &quot;Blouse&quot; no campo de pesquisa" library="kws_webautomation" sourcename="Digitar o nome do produto &quot;${PRODUTO}&quot; no campo de pesquisa">
<kw name="Input Text" library="SeleniumLibrary">
<arg>id=search_query_top ${PRODUTO}</arg>
<doc>Types the given ``text`` into the text field identified by ``locator``.</doc>
<msg timestamp="20211020 23:01:11.617" level="FAIL">Keyword 'SeleniumLibrary.Input Text' expected 2 to 3 arguments, got 1.</msg>
<status status="FAIL" starttime="20211020 23:01:11.616" endtime="20211020 23:01:11.617"/>
</kw>
<status status="FAIL" starttime="20211020 23:01:11.615" endtime="20211020 23:01:11.618"/>
</kw>
<kw name="Clicar no botão pesquisar" library="kws_webautomation">
<status status="NOT RUN" starttime="20211020 23:01:11.620" endtime="20211020 23:01:11.620"/>
</kw>
<kw name="Conferir se o produto &quot;Blouse&quot; foi listado no site" library="kws_webautomation" sourcename="Conferir se o produto &quot;${PRODUTO}&quot; foi listado no site">
<status status="NOT RUN" starttime="20211020 23:01:11.621" endtime="20211020 23:01:11.621"/>
</kw>
<kw name="Fechar navegador" library="kws_webautomation" type="TEARDOWN">
<kw name="Capture Page Screenshot" library="SeleniumLibrary">
<doc>Takes a screenshot of the current page and embeds it into a log file.</doc>
<msg timestamp="20211020 23:01:11.987" level="INFO" html="true">&lt;/td&gt;&lt;/tr&gt;&lt;tr&gt;&lt;td colspan="3"&gt;&lt;a href="selenium-screenshot-2.png"&gt;&lt;img src="selenium-screenshot-2.png" width="800px"&gt;&lt;/a&gt;</msg>
<status status="PASS" starttime="20211020 23:01:11.624" endtime="20211020 23:01:11.987"/>
</kw>
<kw name="Close Browser" library="SeleniumLibrary">
<doc>Closes the current browser.</doc>
<status status="PASS" starttime="20211020 23:01:11.987" endtime="20211020 23:01:15.789"/>
</kw>
<status status="PASS" starttime="20211020 23:01:11.622" endtime="20211020 23:01:15.790"/>
</kw>
<tag>PESQUISAR</tag>
<status status="FAIL" starttime="20211020 23:01:02.678" endtime="20211020 23:01:15.793">Keyword 'SeleniumLibrary.Input Text' expected 2 to 3 arguments, got 1.</status>
</test>
<doc>Aqui estarão presentes os primeiros testes automatizados web.</doc>
<status status="FAIL" starttime="20211020 23:01:02.159" endtime="20211020 23:01:15.797"/>
</suite>
<statistics>
<total>
<stat pass="0" fail="1" skip="0">All Tests</stat>
</total>
<tag>
<stat pass="0" fail="1" skip="0">PESQUISAR</stat>
</tag>
<suite>
<stat pass="0" fail="1" skip="0" id="s1" name="Webautomation">Webautomation</stat>
</suite>
</statistics>
<errors>
</errors>
</robot>
